# JRE version: Java(TM) SE Runtime Environment (20.0.1+9) (build 20.0.1+9-29)
# Java VM: Java HotSpot(TM) 64-Bit Server VM (20.0.1+9-29, mixed mode, sharing, tiered, compressed oops, compressed class ptrs, g1 gc, windows-amd64)
GC Precious Log:
 CardTable entry size: 512
 Card Set container configuration: InlinePtr #cards 5 size 8 Array Of Cards #cards 12 size 40 Howl #buckets 4 coarsen threshold 1843 Howl Bitmap #cards 512 size 80 coarsen threshold 460 Card regions per heap region 1 cards per card region 2048
 CPUs: 4 total, 4 available
 Memory: 16212M
 Large Page Support: Disabled
 NUMA Support: Disabled
 Compressed Oops: Enabled (32-bit)
 Heap Region Size: 1M
 Heap Min Capacity: 8M
 Heap Initial Capacity: 254M
 Heap Max Capacity: 2G
 Pre-touch: Disabled
 Parallel Workers: 4
 Concurrent Workers: 1
 Concurrent Refinement Workers: 4
 Periodic GC: Disabled
Heap:
 garbage-first heap   total 339968K, used 290496K [0x0000000080000000, 0x0000000100000000)
  region size 1024K, 107 young (109568K), 8 survivors (8192K)
 Metaspace       used 119058K, committed 121664K, reserved 552960K
  class space    used 16364K, committed 17600K, reserved 421888K
GC Heap History (20 events):
Event: 54.773 GC heap before
{Heap before GC invocations=40 (full 0):
 garbage-first heap   total 244736K, used 210416K [0x0000000080000000, 0x0000000100000000)
  region size 1024K, 70 young (71680K), 7 survivors (7168K)
 Metaspace       used 100142K, committed 102720K, reserved 552960K
  class space    used 14068K, committed 15296K, reserved 421888K
}
Event: 54.797 GC heap after
{Heap after GC invocations=41 (full 0):
 garbage-first heap   total 244736K, used 154237K [0x0000000080000000, 0x0000000100000000)
  region size 1024K, 9 young (9216K), 9 survivors (9216K)
 Metaspace       used 100142K, committed 102720K, reserved 552960K
  class space    used 14068K, committed 15296K, reserved 421888K
}
Event: 109.353 GC heap before
{Heap before GC invocations=41 (full 0):
 garbage-first heap   total 244736K, used 212605K [0x0000000080000000, 0x0000000100000000)
  region size 1024K, 67 young (68608K), 9 survivors (9216K)
 Metaspace       used 101180K, committed 103744K, reserved 552960K
  class space    used 14181K, committed 15424K, reserved 421888K
}
Event: 109.378 GC heap after
{Heap after GC invocations=42 (full 0):
 garbage-first heap   total 244736K, used 163320K [0x0000000080000000, 0x0000000100000000)
  region size 1024K, 8 young (8192K), 8 survivors (8192K)
 Metaspace       used 101180K, committed 103744K, reserved 552960K
  class space    used 14181K, committed 15424K, reserved 421888K
}
Event: 119.791 GC heap before
{Heap before GC invocations=43 (full 0):
 garbage-first heap   total 293888K, used 218616K [0x0000000080000000, 0x0000000100000000)
  region size 1024K, 62 young (63488K), 8 survivors (8192K)
 Metaspace       used 101552K, committed 104064K, reserved 552960K
  class space    used 14184K, committed 15424K, reserved 421888K
}
Event: 119.820 GC heap after
{Heap after GC invocations=44 (full 0):
 garbage-first heap   total 293888K, used 173769K [0x0000000080000000, 0x0000000100000000)
  region size 1024K, 8 young (8192K), 8 survivors (8192K)
 Metaspace       used 101552K, committed 104064K, reserved 552960K
  class space    used 14184K, committed 15424K, reserved 421888K
}
Event: 208.470 GC heap before
{Heap before GC invocations=44 (full 0):
 garbage-first heap   total 293888K, used 251593K [0x0000000080000000, 0x0000000100000000)
  region size 1024K, 85 young (87040K), 8 survivors (8192K)
 Metaspace       used 102079K, committed 104640K, reserved 552960K
  class space    used 14191K, committed 15424K, reserved 421888K
}
Event: 208.513 GC heap after
{Heap after GC invocations=45 (full 0):
 garbage-first heap   total 293888K, used 185195K [0x0000000080000000, 0x0000000100000000)
  region size 1024K, 11 young (11264K), 11 survivors (11264K)
 Metaspace       used 102079K, committed 104640K, reserved 552960K
  class space    used 14191K, committed 15424K, reserved 421888K
}
Event: 224.343 GC heap before
{Heap before GC invocations=45 (full 0):
 garbage-first heap   total 293888K, used 256875K [0x0000000080000000, 0x0000000100000000)
  region size 1024K, 82 young (83968K), 11 survivors (11264K)
 Metaspace       used 103083K, committed 105664K, reserved 552960K
  class space    used 14297K, committed 15552K, reserved 421888K
}
Event: 224.376 GC heap after
{Heap after GC invocations=46 (full 0):
 garbage-first heap   total 293888K, used 198985K [0x0000000080000000, 0x0000000100000000)
  region size 1024K, 11 young (11264K), 11 survivors (11264K)
 Metaspace       used 103083K, committed 105664K, reserved 552960K
  class space    used 14297K, committed 15552K, reserved 421888K
}
Event: 224.410 GC heap before
{Heap before GC invocations=46 (full 0):
 garbage-first heap   total 293888K, used 200009K [0x0000000080000000, 0x0000000100000000)
  region size 1024K, 13 young (13312K), 11 survivors (11264K)
 Metaspace       used 103083K, committed 105664K, reserved 552960K
  class space    used 14297K, committed 15552K, reserved 421888K
}
Event: 224.429 GC heap after
{Heap after GC invocations=47 (full 0):
 garbage-first heap   total 293888K, used 202603K [0x0000000080000000, 0x0000000100000000)
  region size 1024K, 2 young (2048K), 2 survivors (2048K)
 Metaspace       used 103083K, committed 105664K, reserved 552960K
  class space    used 14297K, committed 15552K, reserved 421888K
}
Event: 226.473 GC heap before
{Heap before GC invocations=48 (full 0):
 garbage-first heap   total 339968K, used 256875K [0x0000000080000000, 0x0000000100000000)
  region size 1024K, 63 young (64512K), 2 survivors (2048K)
 Metaspace       used 105729K, committed 108352K, reserved 552960K
  class space    used 14723K, committed 16000K, reserved 421888K
}
Event: 226.482 GC heap after
{Heap after GC invocations=49 (full 0):
 garbage-first heap   total 339968K, used 196789K [0x0000000080000000, 0x0000000100000000)
  region size 1024K, 5 young (5120K), 5 survivors (5120K)
 Metaspace       used 105729K, committed 108352K, reserved 552960K
  class space    used 14723K, committed 16000K, reserved 421888K
}
Event: 229.511 GC heap before
{Heap before GC invocations=49 (full 0):
 garbage-first heap   total 339968K, used 299189K [0x0000000080000000, 0x0000000100000000)
  region size 1024K, 105 young (107520K), 5 survivors (5120K)
 Metaspace       used 108288K, committed 110976K, reserved 552960K
  class space    used 14998K, committed 16320K, reserved 421888K
}
Event: 229.552 GC heap after
{Heap after GC invocations=50 (full 0):
 garbage-first heap   total 339968K, used 182778K [0x0000000080000000, 0x0000000100000000)
  region size 1024K, 14 young (14336K), 14 survivors (14336K)
 Metaspace       used 108288K, committed 110976K, reserved 552960K
  class space    used 14998K, committed 16320K, reserved 421888K
}
Event: 231.773 GC heap before
{Heap before GC invocations=50 (full 0):
 garbage-first heap   total 339968K, used 295418K [0x0000000080000000, 0x0000000100000000)
  region size 1024K, 124 young (126976K), 14 survivors (14336K)
 Metaspace       used 108849K, committed 111552K, reserved 552960K
  class space    used 15039K, committed 16384K, reserved 421888K
}
Event: 231.794 GC heap after
{Heap after GC invocations=51 (full 0):
 garbage-first heap   total 339968K, used 188660K [0x0000000080000000, 0x0000000100000000)
  region size 1024K, 7 young (7168K), 7 survivors (7168K)
 Metaspace       used 108849K, committed 111552K, reserved 552960K
  class space    used 15039K, committed 16384K, reserved 421888K
}
Event: 231.862 GC heap before
{Heap before GC invocations=51 (full 0):
 garbage-first heap   total 339968K, used 193780K [0x0000000080000000, 0x0000000100000000)
  region size 1024K, 13 young (13312K), 7 survivors (7168K)
 Metaspace       used 108876K, committed 111552K, reserved 552960K
  class space    used 15043K, committed 16384K, reserved 421888K
}
Event: 231.872 GC heap after
{Heap after GC invocations=52 (full 0):
 garbage-first heap   total 339968K, used 189120K [0x0000000080000000, 0x0000000100000000)
  region size 1024K, 8 young (8192K), 8 survivors (8192K)
 Metaspace       used 108876K, committed 111552K, reserved 552960K
  class space    used 15043K, committed 16384K, reserved 421888K
}

