# JRE version: Java(TM) SE Runtime Environment (20.0.1+9) (build 20.0.1+9-29)
# Java VM: Java HotSpot(TM) 64-Bit Server VM (20.0.1+9-29, mixed mode, sharing, tiered, compressed oops, compressed class ptrs, g1 gc, windows-amd64)
GC Precious Log:
 CardTable entry size: 512
 Card Set container configuration: InlinePtr #cards 5 size 8 Array Of Cards #cards 12 size 40 Howl #buckets 4 coarsen threshold 1843 Howl Bitmap #cards 512 size 80 coarsen threshold 460 Card regions per heap region 1 cards per card region 2048
 CPUs: 4 total, 4 available
 Memory: 16212M
 Large Page Support: Disabled
 NUMA Support: Disabled
 Compressed Oops: Enabled (32-bit)
 Heap Region Size: 1M
 Heap Min Capacity: 8M
 Heap Initial Capacity: 254M
 Heap Max Capacity: 2G
 Pre-touch: Disabled
 Parallel Workers: 4
 Concurrent Workers: 1
 Concurrent Refinement Workers: 4
 Periodic GC: Disabled
Heap:
 garbage-first heap   total 362496K, used 254976K [0x0000000080000000, 0x0000000100000000)
  region size 1024K, 51 young (52224K), 7 survivors (7168K)
 Metaspace       used 108991K, committed 111680K, reserved 552960K
  class space    used 14892K, committed 16192K, reserved 421888K
GC Heap History (20 events):
Event: 69.548 GC heap before
{Heap before GC invocations=40 (full 0):
 garbage-first heap   total 244736K, used 172559K [0x0000000080000000, 0x0000000100000000)
  region size 1024K, 41 young (41984K), 4 survivors (4096K)
 Metaspace       used 94869K, committed 97408K, reserved 552960K
  class space    used 13282K, committed 14464K, reserved 421888K
}
Event: 69.567 GC heap after
{Heap after GC invocations=41 (full 0):
 garbage-first heap   total 244736K, used 145408K [0x0000000080000000, 0x0000000100000000)
  region size 1024K, 6 young (6144K), 6 survivors (6144K)
 Metaspace       used 94869K, committed 97408K, reserved 552960K
  class space    used 13282K, committed 14464K, reserved 421888K
}
Event: 71.235 GC heap before
{Heap before GC invocations=41 (full 0):
 garbage-first heap   total 244736K, used 201728K [0x0000000080000000, 0x0000000100000000)
  region size 1024K, 60 young (61440K), 6 survivors (6144K)
 Metaspace       used 96053K, committed 98496K, reserved 552960K
  class space    used 13415K, committed 14592K, reserved 421888K
}
Event: 71.257 GC heap after
{Heap after GC invocations=42 (full 0):
 garbage-first heap   total 244736K, used 155648K [0x0000000080000000, 0x0000000100000000)
  region size 1024K, 8 young (8192K), 8 survivors (8192K)
 Metaspace       used 96053K, committed 98496K, reserved 552960K
  class space    used 13415K, committed 14592K, reserved 421888K
}
Event: 73.593 GC heap before
{Heap before GC invocations=42 (full 0):
 garbage-first heap   total 244736K, used 207872K [0x0000000080000000, 0x0000000100000000)
  region size 1024K, 59 young (60416K), 8 survivors (8192K)
 Metaspace       used 100254K, committed 102784K, reserved 552960K
  class space    used 14022K, committed 15232K, reserved 421888K
}
Event: 73.611 GC heap after
{Heap after GC invocations=43 (full 0):
 garbage-first heap   total 244736K, used 159406K [0x0000000080000000, 0x0000000100000000)
  region size 1024K, 3 young (3072K), 3 survivors (3072K)
 Metaspace       used 100254K, committed 102784K, reserved 552960K
  class space    used 14022K, committed 15232K, reserved 421888K
}
Event: 78.547 GC heap before
{Heap before GC invocations=44 (full 0):
 garbage-first heap   total 273408K, used 212654K [0x0000000080000000, 0x0000000100000000)
  region size 1024K, 55 young (56320K), 3 survivors (3072K)
 Metaspace       used 102145K, committed 104704K, reserved 552960K
  class space    used 14246K, committed 15488K, reserved 421888K
}
Event: 78.568 GC heap after
{Heap after GC invocations=45 (full 0):
 garbage-first heap   total 273408K, used 165571K [0x0000000080000000, 0x0000000100000000)
  region size 1024K, 7 young (7168K), 7 survivors (7168K)
 Metaspace       used 102145K, committed 104704K, reserved 552960K
  class space    used 14246K, committed 15488K, reserved 421888K
}
Event: 82.023 GC heap before
{Heap before GC invocations=45 (full 0):
 garbage-first heap   total 273408K, used 233155K [0x0000000080000000, 0x0000000100000000)
  region size 1024K, 73 young (74752K), 7 survivors (7168K)
 Metaspace       used 102909K, committed 105472K, reserved 552960K
  class space    used 14309K, committed 15552K, reserved 421888K
}
Event: 82.050 GC heap after
{Heap after GC invocations=46 (full 0):
 garbage-first heap   total 273408K, used 169984K [0x0000000080000000, 0x0000000100000000)
  region size 1024K, 10 young (10240K), 10 survivors (10240K)
 Metaspace       used 102909K, committed 105472K, reserved 552960K
  class space    used 14309K, committed 15552K, reserved 421888K
}
Event: 84.909 GC heap before
{Heap before GC invocations=46 (full 0):
 garbage-first heap   total 273408K, used 236544K [0x0000000080000000, 0x0000000100000000)
  region size 1024K, 76 young (77824K), 10 survivors (10240K)
 Metaspace       used 103977K, committed 106496K, reserved 552960K
  class space    used 14430K, committed 15680K, reserved 421888K
}
Event: 84.941 GC heap after
{Heap after GC invocations=47 (full 0):
 garbage-first heap   total 273408K, used 179963K [0x0000000080000000, 0x0000000100000000)
  region size 1024K, 9 young (9216K), 9 survivors (9216K)
 Metaspace       used 103977K, committed 106496K, reserved 552960K
  class space    used 14430K, committed 15680K, reserved 421888K
}
Event: 87.851 GC heap before
{Heap before GC invocations=47 (full 0):
 garbage-first heap   total 273408K, used 243451K [0x0000000080000000, 0x0000000100000000)
  region size 1024K, 71 young (72704K), 9 survivors (9216K)
 Metaspace       used 104457K, committed 107072K, reserved 552960K
  class space    used 14476K, committed 15744K, reserved 421888K
}
Event: 87.866 GC heap after
{Heap after GC invocations=48 (full 0):
 garbage-first heap   total 273408K, used 183731K [0x0000000080000000, 0x0000000100000000)
  region size 1024K, 7 young (7168K), 7 survivors (7168K)
 Metaspace       used 104457K, committed 107072K, reserved 552960K
  class space    used 14476K, committed 15744K, reserved 421888K
}
Event: 89.472 GC heap before
{Heap before GC invocations=49 (full 0):
 garbage-first heap   total 331776K, used 248243K [0x0000000080000000, 0x0000000100000000)
  region size 1024K, 67 young (68608K), 7 survivors (7168K)
 Metaspace       used 104464K, committed 107072K, reserved 552960K
  class space    used 14476K, committed 15744K, reserved 421888K
}
Event: 89.486 GC heap after
{Heap after GC invocations=50 (full 0):
 garbage-first heap   total 331776K, used 189075K [0x0000000080000000, 0x0000000100000000)
  region size 1024K, 6 young (6144K), 6 survivors (6144K)
 Metaspace       used 104464K, committed 107072K, reserved 552960K
  class space    used 14476K, committed 15744K, reserved 421888K
}
Event: 96.238 GC heap before
{Heap before GC invocations=50 (full 0):
 garbage-first heap   total 331776K, used 297619K [0x0000000080000000, 0x0000000100000000)
  region size 1024K, 104 young (106496K), 6 survivors (6144K)
 Metaspace       used 108398K, committed 110976K, reserved 552960K
  class space    used 14845K, committed 16128K, reserved 421888K
}
Event: 96.263 GC heap after
{Heap after GC invocations=51 (full 0):
 garbage-first heap   total 331776K, used 194495K [0x0000000080000000, 0x0000000100000000)
  region size 1024K, 13 young (13312K), 13 survivors (13312K)
 Metaspace       used 108398K, committed 110976K, reserved 552960K
  class space    used 14845K, committed 16128K, reserved 421888K
}
Event: 97.572 GC heap before
{Heap before GC invocations=51 (full 0):
 garbage-first heap   total 331776K, used 210879K [0x0000000080000000, 0x0000000100000000)
  region size 1024K, 30 young (30720K), 13 survivors (13312K)
 Metaspace       used 108484K, committed 111104K, reserved 552960K
  class space    used 14845K, committed 16128K, reserved 421888K
}
Event: 97.597 GC heap after
{Heap after GC invocations=52 (full 0):
 garbage-first heap   total 331776K, used 202752K [0x0000000080000000, 0x0000000100000000)
  region size 1024K, 7 young (7168K), 7 survivors (7168K)
 Metaspace       used 108484K, committed 111104K, reserved 552960K
  class space    used 14845K, committed 16128K, reserved 421888K
}

